[2023-11-18 22:22:34] local.INFO: App\Http\Controllers\AuthController Requisição de login {"dados":{"nome":"administrador","email":"adm@ba.estudante.senai.br","senha":"123456"}} 
[2023-11-18 22:22:35] local.ERROR: App\Http\Controllers\AuthController Error Login {"dados":{"nome":"administrador","email":"adm@ba.estudante.senai.br","senha":"123456"},"browser":"Thunder Client (https://www.thunderclient.com)","URI":"/api/auth/login","Server":"PHP 8.1.17 Development Server"} 
[2023-11-18 23:56:02] local.INFO: App\Http\Controllers\AuthController Requisição de login {"dados":{"nome":"administrador","email":"adm@ba.estudante.senai.br","senha":"123456"}} 
[2023-11-18 23:56:03] local.ERROR: Undefined array key "password" {"exception":"[object] (ErrorException(code: 0): Undefined array key \"password\" at C:\\Users\\Querem\\Documents\\laravel\\hello_senai\\vendor\\laravel\\framework\\src\\Illuminate\\Auth\\EloquentUserProvider.php:151)
[stacktrace]
#0 C:\\Users\\Querem\\Documents\\laravel\\hello_senai\\vendor\\laravel\\framework\\src\\Illuminate\\Foundation\\Bootstrap\\HandleExceptions.php(254): Illuminate\\Foundation\\Bootstrap\\HandleExceptions->handleError(2, 'Undefined array...', 'C:\\\\Users\\\\Querem...', 151)
#1 C:\\Users\\Querem\\Documents\\laravel\\hello_senai\\vendor\\laravel\\framework\\src\\Illuminate\\Auth\\EloquentUserProvider.php(151): Illuminate\\Foundation\\Bootstrap\\HandleExceptions->Illuminate\\Foundation\\Bootstrap\\{closure}(2, 'Undefined array...', 'C:\\\\Users\\\\Querem...', 151)
#2 C:\\Users\\Querem\\Documents\\laravel\\hello_senai\\vendor\\laravel\\framework\\src\\Illuminate\\Auth\\SessionGuard.php(438): Illuminate\\Auth\\EloquentUserProvider->validateCredentials(Object(App\\Models\\User), Array)
#3 C:\\Users\\Querem\\Documents\\laravel\\hello_senai\\vendor\\laravel\\framework\\src\\Illuminate\\Support\\Timebox.php(32): Illuminate\\Auth\\SessionGuard->Illuminate\\Auth\\{closure}(Object(Illuminate\\Support\\Timebox))
#4 C:\\Users\\Querem\\Documents\\laravel\\hello_senai\\vendor\\laravel\\framework\\src\\Illuminate\\Auth\\SessionGuard.php(447): Illuminate\\Support\\Timebox->call(Object(Closure), 200000)
#5 C:\\Users\\Querem\\Documents\\laravel\\hello_senai\\vendor\\laravel\\framework\\src\\Illuminate\\Auth\\SessionGuard.php(386): Illuminate\\Auth\\SessionGuard->hasValidCredentials(Object(App\\Models\\User), Array)
#6 C:\\Users\\Querem\\Documents\\laravel\\hello_senai\\vendor\\laravel\\framework\\src\\Illuminate\\Auth\\AuthManager.php(340): Illuminate\\Auth\\SessionGuard->attempt(Array)
#7 C:\\Users\\Querem\\Documents\\laravel\\hello_senai\\vendor\\laravel\\framework\\src\\Illuminate\\Support\\Facades\\Facade.php(353): Illuminate\\Auth\\AuthManager->__call('attempt', Array)
#8 C:\\Users\\Querem\\Documents\\laravel\\hello_senai\\app\\Http\\Controllers\\AuthController.php(52): Illuminate\\Support\\Facades\\Facade::__callStatic('attempt', Array)
#9 C:\\Users\\Querem\\Documents\\laravel\\hello_senai\\vendor\\laravel\\framework\\src\\Illuminate\\Routing\\Controller.php(54): App\\Http\\Controllers\\AuthController->login(Object(Illuminate\\Http\\Request))
#10 C:\\Users\\Querem\\Documents\\laravel\\hello_senai\\vendor\\laravel\\framework\\src\\Illuminate\\Routing\\ControllerDispatcher.php(43): Illuminate\\Routing\\Controller->callAction('login', Array)
#11 C:\\Users\\Querem\\Documents\\laravel\\hello_senai\\vendor\\laravel\\framework\\src\\Illuminate\\Routing\\Route.php(260): Illuminate\\Routing\\ControllerDispatcher->dispatch(Object(Illuminate\\Routing\\Route), Object(App\\Http\\Controllers\\AuthController), 'login')
#12 C:\\Users\\Querem\\Documents\\laravel\\hello_senai\\vendor\\laravel\\framework\\src\\Illuminate\\Routing\\Route.php(205): Illuminate\\Routing\\Route->runController()
#13 C:\\Users\\Querem\\Documents\\laravel\\hello_senai\\vendor\\laravel\\framework\\src\\Illuminate\\Routing\\Router.php(799): Illuminate\\Routing\\Route->run()
#14 C:\\Users\\Querem\\Documents\\laravel\\hello_senai\\vendor\\laravel\\framework\\src\\Illuminate\\Pipeline\\Pipeline.php(141): Illuminate\\Routing\\Router->Illuminate\\Routing\\{closure}(Object(Illuminate\\Http\\Request))
#15 C:\\Users\\Querem\\Documents\\laravel\\hello_senai\\vendor\\laravel\\framework\\src\\Illuminate\\Routing\\Middleware\\SubstituteBindings.php(50): Illuminate\\Pipeline\\Pipeline->Illuminate\\Pipeline\\{closure}(Object(Illuminate\\Http\\Request))
#16 C:\\Users\\Querem\\Documents\\laravel\\hello_senai\\vendor\\laravel\\framework\\src\\Illuminate\\Pipeline\\Pipeline.php(180): Illuminate\\Routing\\Middleware\\SubstituteBindings->handle(Object(Illuminate\\Http\\Request), Object(Closure))
#17 C:\\Users\\Querem\\Documents\\laravel\\hello_senai\\vendor\\laravel\\framework\\src\\Illuminate\\Routing\\Middleware\\ThrottleRequests.php(159): Illuminate\\Pipeline\\Pipeline->Illuminate\\Pipeline\\{closure}(Object(Illuminate\\Http\\Request))
#18 C:\\Users\\Querem\\Documents\\laravel\\hello_senai\\vendor\\laravel\\framework\\src\\Illuminate\\Routing\\Middleware\\ThrottleRequests.php(135): Illuminate\\Routing\\Middleware\\ThrottleRequests->handleRequest(Object(Illuminate\\Http\\Request), Object(Closure), Array)
#19 C:\\Users\\Querem\\Documents\\laravel\\hello_senai\\vendor\\laravel\\framework\\src\\Illuminate\\Routing\\Middleware\\ThrottleRequests.php(87): Illuminate\\Routing\\Middleware\\ThrottleRequests->handleRequestUsingNamedLimiter(Object(Illuminate\\Http\\Request), Object(Closure), 'api', Object(Closure))
#20 C:\\Users\\Querem\\Documents\\laravel\\hello_senai\\vendor\\laravel\\framework\\src\\Illuminate\\Pipeline\\Pipeline.php(180): Illuminate\\Routing\\Middleware\\ThrottleRequests->handle(Object(Illuminate\\Http\\Request), Object(Closure), 'api')
#21 C:\\Users\\Querem\\Documents\\laravel\\hello_senai\\vendor\\laravel\\framework\\src\\Illuminate\\Pipeline\\Pipeline.php(116): Illuminate\\Pipeline\\Pipeline->Illuminate\\Pipeline\\{closure}(Object(Illuminate\\Http\\Request))
#22 C:\\Users\\Querem\\Documents\\laravel\\hello_senai\\vendor\\laravel\\framework\\src\\Illuminate\\Routing\\Router.php(800): Illuminate\\Pipeline\\Pipeline->then(Object(Closure))
#23 C:\\Users\\Querem\\Documents\\laravel\\hello_senai\\vendor\\laravel\\framework\\src\\Illuminate\\Routing\\Router.php(777): Illuminate\\Routing\\Router->runRouteWithinStack(Object(Illuminate\\Routing\\Route), Object(Illuminate\\Http\\Request))
#24 C:\\Users\\Querem\\Documents\\laravel\\hello_senai\\vendor\\laravel\\framework\\src\\Illuminate\\Routing\\Router.php(741): Illuminate\\Routing\\Router->runRoute(Object(Illuminate\\Http\\Request), Object(Illuminate\\Routing\\Route))
#25 C:\\Users\\Querem\\Documents\\laravel\\hello_senai\\vendor\\laravel\\framework\\src\\Illuminate\\Routing\\Router.php(730): Illuminate\\Routing\\Router->dispatchToRoute(Object(Illuminate\\Http\\Request))
#26 C:\\Users\\Querem\\Documents\\laravel\\hello_senai\\vendor\\laravel\\framework\\src\\Illuminate\\Foundation\\Http\\Kernel.php(200): Illuminate\\Routing\\Router->dispatch(Object(Illuminate\\Http\\Request))
#27 C:\\Users\\Querem\\Documents\\laravel\\hello_senai\\vendor\\laravel\\framework\\src\\Illuminate\\Pipeline\\Pipeline.php(141): Illuminate\\Foundation\\Http\\Kernel->Illuminate\\Foundation\\Http\\{closure}(Object(Illuminate\\Http\\Request))
#28 C:\\Users\\Querem\\Documents\\laravel\\hello_senai\\vendor\\laravel\\framework\\src\\Illuminate\\Foundation\\Http\\Middleware\\TransformsRequest.php(21): Illuminate\\Pipeline\\Pipeline->Illuminate\\Pipeline\\{closure}(Object(Illuminate\\Http\\Request))
#29 C:\\Users\\Querem\\Documents\\laravel\\hello_senai\\vendor\\laravel\\framework\\src\\Illuminate\\Foundation\\Http\\Middleware\\ConvertEmptyStringsToNull.php(31): Illuminate\\Foundation\\Http\\Middleware\\TransformsRequest->handle(Object(Illuminate\\Http\\Request), Object(Closure))
#30 C:\\Users\\Querem\\Documents\\laravel\\hello_senai\\vendor\\laravel\\framework\\src\\Illuminate\\Pipeline\\Pipeline.php(180): Illuminate\\Foundation\\Http\\Middleware\\ConvertEmptyStringsToNull->handle(Object(Illuminate\\Http\\Request), Object(Closure))
#31 C:\\Users\\Querem\\Documents\\laravel\\hello_senai\\vendor\\laravel\\framework\\src\\Illuminate\\Foundation\\Http\\Middleware\\TransformsRequest.php(21): Illuminate\\Pipeline\\Pipeline->Illuminate\\Pipeline\\{closure}(Object(Illuminate\\Http\\Request))
#32 C:\\Users\\Querem\\Documents\\laravel\\hello_senai\\vendor\\laravel\\framework\\src\\Illuminate\\Foundation\\Http\\Middleware\\TrimStrings.php(40): Illuminate\\Foundation\\Http\\Middleware\\TransformsRequest->handle(Object(Illuminate\\Http\\Request), Object(Closure))
#33 C:\\Users\\Querem\\Documents\\laravel\\hello_senai\\vendor\\laravel\\framework\\src\\Illuminate\\Pipeline\\Pipeline.php(180): Illuminate\\Foundation\\Http\\Middleware\\TrimStrings->handle(Object(Illuminate\\Http\\Request), Object(Closure))
#34 C:\\Users\\Querem\\Documents\\laravel\\hello_senai\\vendor\\laravel\\framework\\src\\Illuminate\\Foundation\\Http\\Middleware\\ValidatePostSize.php(27): Illuminate\\Pipeline\\Pipeline->Illuminate\\Pipeline\\{closure}(Object(Illuminate\\Http\\Request))
#35 C:\\Users\\Querem\\Documents\\laravel\\hello_senai\\vendor\\laravel\\framework\\src\\Illuminate\\Pipeline\\Pipeline.php(180): Illuminate\\Foundation\\Http\\Middleware\\ValidatePostSize->handle(Object(Illuminate\\Http\\Request), Object(Closure))
#36 C:\\Users\\Querem\\Documents\\laravel\\hello_senai\\vendor\\laravel\\framework\\src\\Illuminate\\Foundation\\Http\\Middleware\\PreventRequestsDuringMaintenance.php(99): Illuminate\\Pipeline\\Pipeline->Illuminate\\Pipeline\\{closure}(Object(Illuminate\\Http\\Request))
#37 C:\\Users\\Querem\\Documents\\laravel\\hello_senai\\vendor\\laravel\\framework\\src\\Illuminate\\Pipeline\\Pipeline.php(180): Illuminate\\Foundation\\Http\\Middleware\\PreventRequestsDuringMaintenance->handle(Object(Illuminate\\Http\\Request), Object(Closure))
#38 C:\\Users\\Querem\\Documents\\laravel\\hello_senai\\vendor\\laravel\\framework\\src\\Illuminate\\Http\\Middleware\\HandleCors.php(62): Illuminate\\Pipeline\\Pipeline->Illuminate\\Pipeline\\{closure}(Object(Illuminate\\Http\\Request))
#39 C:\\Users\\Querem\\Documents\\laravel\\hello_senai\\vendor\\laravel\\framework\\src\\Illuminate\\Pipeline\\Pipeline.php(180): Illuminate\\Http\\Middleware\\HandleCors->handle(Object(Illuminate\\Http\\Request), Object(Closure))
#40 C:\\Users\\Querem\\Documents\\laravel\\hello_senai\\vendor\\laravel\\framework\\src\\Illuminate\\Http\\Middleware\\TrustProxies.php(39): Illuminate\\Pipeline\\Pipeline->Illuminate\\Pipeline\\{closure}(Object(Illuminate\\Http\\Request))
#41 C:\\Users\\Querem\\Documents\\laravel\\hello_senai\\vendor\\laravel\\framework\\src\\Illuminate\\Pipeline\\Pipeline.php(180): Illuminate\\Http\\Middleware\\TrustProxies->handle(Object(Illuminate\\Http\\Request), Object(Closure))
#42 C:\\Users\\Querem\\Documents\\laravel\\hello_senai\\vendor\\laravel\\framework\\src\\Illuminate\\Pipeline\\Pipeline.php(116): Illuminate\\Pipeline\\Pipeline->Illuminate\\Pipeline\\{closure}(Object(Illuminate\\Http\\Request))
#43 C:\\Users\\Querem\\Documents\\laravel\\hello_senai\\vendor\\laravel\\framework\\src\\Illuminate\\Foundation\\Http\\Kernel.php(175): Illuminate\\Pipeline\\Pipeline->then(Object(Closure))
#44 C:\\Users\\Querem\\Documents\\laravel\\hello_senai\\vendor\\laravel\\framework\\src\\Illuminate\\Foundation\\Http\\Kernel.php(144): Illuminate\\Foundation\\Http\\Kernel->sendRequestThroughRouter(Object(Illuminate\\Http\\Request))
#45 C:\\Users\\Querem\\Documents\\laravel\\hello_senai\\public\\index.php(52): Illuminate\\Foundation\\Http\\Kernel->handle(Object(Illuminate\\Http\\Request))
#46 C:\\Users\\Querem\\Documents\\laravel\\hello_senai\\vendor\\laravel\\framework\\src\\Illuminate\\Foundation\\resources\\server.php(16): require_once('C:\\\\Users\\\\Querem...')
#47 {main}
"} 
[2023-11-18 23:56:49] local.INFO: App\Http\Controllers\AuthController Requisição de login {"dados":{"nome":"administrador","email":"adm@ba.estudante.senai.br","senha":"123456"}} 
[2023-11-18 23:56:49] local.INFO: App\Http\Controllers\AuthController Login realizado {"dados":{"nome":"administrador","email":"adm@ba.estudante.senai.br","senha":"123456"},"browser":"Thunder Client (https://www.thunderclient.com)","URI":"/api/auth/login","Server":"PHP 8.1.17 Development Server"} 
